<?xml version="1.0" encoding="UTF-8"?>
<!-- Generated by org.testng.reporters.JUnitXMLReporter -->
<testsuite hostname="user" ignored="1" name="Default test(failed)" tests="2" failures="1" timestamp="2021-03-23T19:21:59 IST" time="0.134" errors="0">
  <testcase name="testrun2" time="0.016" classname="Practice3.Revision"/>
  <testcase name="testrun3" time="0.009" classname="Practice3.Revision">
    <failure type="java.lang.AssertionError" message="expected [true] but found [false]">
      <![CDATA[java.lang.AssertionError: expected [true] but found [false]
at Practice3.Revision.testrun3(Revision.java:41)
at java.util.ArrayList.forEach(Unknown Source)
... Removed 31 stack frames]]>
    </failure>
  </testcase> <!-- testrun3 -->
  <testcase name="testrun" time="0.0" classname="Practice3.Revision">
    <ignored/>
  </testcase> <!-- testrun -->
</testsuite> <!-- Default test(failed) -->
