<?xml version="1.0" encoding="UTF-8"?>
<testng-results skipped="0" failed="0" ignored="0" total="1" passed="1">
  <reporter-output>
  </reporter-output>
  <suite name="Default suite" duration-ms="14296" started-at="2021-06-13T15:03:52 IST" finished-at="2021-06-13T15:04:07 IST">
    <groups>
    </groups>
    <test name="Default test" duration-ms="14296" started-at="2021-06-13T15:03:52 IST" finished-at="2021-06-13T15:04:07 IST">
      <class name="Config.TestDemo">
        <test-method status="PASS" signature="setuptest()[pri:0, instance:Config.TestDemo@7c1e2a9e]" name="setuptest" is-config="true" duration-ms="3577" started-at="2021-06-13T15:03:52 IST" finished-at="2021-06-13T15:03:56 IST">
          <reporter-output>
          </reporter-output>
        </test-method> <!-- setuptest -->
        <test-method status="PASS" signature="demo()[pri:0, instance:Config.TestDemo@7c1e2a9e]" name="demo" duration-ms="9700" started-at="2021-06-13T15:03:56 IST" finished-at="2021-06-13T15:04:06 IST">
          <reporter-output>
          </reporter-output>
        </test-method> <!-- demo -->
        <test-method status="PASS" signature="teardowntest()[pri:0, instance:Config.TestDemo@7c1e2a9e]" name="teardowntest" is-config="true" duration-ms="955" started-at="2021-06-13T15:04:06 IST" finished-at="2021-06-13T15:04:07 IST">
          <reporter-output>
          </reporter-output>
        </test-method> <!-- teardowntest -->
      </class> <!-- Config.TestDemo -->
    </test> <!-- Default test -->
  </suite> <!-- Default suite -->
</testng-results>
