<?xml version="1.0" encoding="UTF-8"?>
<testng-results skipped="0" failed="0" ignored="0" total="1" passed="1">
  <reporter-output>
  </reporter-output>
  <suite name="Default suite" duration-ms="80218" started-at="2021-05-19T15:43:02 IST" finished-at="2021-05-19T15:44:22 IST">
    <groups>
    </groups>
    <test name="Default test" duration-ms="80218" started-at="2021-05-19T15:43:02 IST" finished-at="2021-05-19T15:44:22 IST">
      <class name="Test1">
        <test-method status="PASS" signature="setUp()[pri:0, instance:Test1@305fd85d]" name="setUp" is-config="true" duration-ms="26048" started-at="2021-05-19T15:43:02 IST" finished-at="2021-05-19T15:43:28 IST">
          <reporter-output>
          </reporter-output>
        </test-method> <!-- setUp -->
        <test-method status="PASS" signature="test1()[pri:0, instance:Test1@305fd85d]" name="test1" duration-ms="32837" started-at="2021-05-19T15:43:28 IST" finished-at="2021-05-19T15:44:01 IST">
          <reporter-output>
          </reporter-output>
        </test-method> <!-- test1 -->
        <test-method status="PASS" signature="tearDown()[pri:0, instance:Test1@305fd85d]" name="tearDown" is-config="true" duration-ms="21253" started-at="2021-05-19T15:44:01 IST" finished-at="2021-05-19T15:44:22 IST">
          <reporter-output>
          </reporter-output>
        </test-method> <!-- tearDown -->
      </class> <!-- Test1 -->
    </test> <!-- Default test -->
  </suite> <!-- Default suite -->
</testng-results>
