<?xml version="1.0" encoding="UTF-8"?>
<testng-results skipped="0" failed="0" ignored="0" total="2" passed="2">
  <reporter-output>
  </reporter-output>
  <suite name="Default suite" duration-ms="23293" started-at="2021-01-12T19:03:23 IST" finished-at="2021-01-12T19:03:46 IST">
    <groups>
    </groups>
    <test name="Default test" duration-ms="23293" started-at="2021-01-12T19:03:23 IST" finished-at="2021-01-12T19:03:46 IST">
      <class name="ExtenReport.ExtentReportsTestNG">
        <test-method status="PASS" signature="setup()[pri:0, instance:ExtenReport.ExtentReportsTestNG@e320068]" name="setup" is-config="true" duration-ms="320" started-at="2021-01-12T19:03:23 IST" finished-at="2021-01-12T19:03:23 IST">
          <reporter-output>
          </reporter-output>
        </test-method> <!-- setup -->
        <test-method status="PASS" signature="test1()[pri:0, instance:ExtenReport.ExtentReportsTestNG@e320068]" name="test1" duration-ms="14293" started-at="2021-01-12T19:03:23 IST" finished-at="2021-01-12T19:03:38 IST">
          <reporter-output>
          </reporter-output>
        </test-method> <!-- test1 -->
        <test-method status="PASS" signature="test2()[pri:0, instance:ExtenReport.ExtentReportsTestNG@e320068]" name="test2" duration-ms="8050" started-at="2021-01-12T19:03:38 IST" finished-at="2021-01-12T19:03:46 IST">
          <reporter-output>
          </reporter-output>
        </test-method> <!-- test2 -->
        <test-method status="PASS" signature="teardown()[pri:0, instance:ExtenReport.ExtentReportsTestNG@e320068]" name="teardown" is-config="true" duration-ms="570" started-at="2021-01-12T19:03:46 IST" finished-at="2021-01-12T19:03:46 IST">
          <reporter-output>
          </reporter-output>
        </test-method> <!-- teardown -->
      </class> <!-- ExtenReport.ExtentReportsTestNG -->
    </test> <!-- Default test -->
  </suite> <!-- Default suite -->
</testng-results>
