<?xml version="1.0" encoding="UTF-8"?>
<!-- Generated by org.testng.reporters.JUnitXMLReporter -->
<testsuite hostname="user" ignored="0" name="Test" tests="6" failures="2" timestamp="2020-10-14T21:48:47 IST" time="19.184" errors="0">
  <testcase name="Test1" time="15.3" classname="listener.TestNGListenersDemo"/>
  <testcase name="Test2" time="0.009" classname="listener.TestNGListenersDemo">
    <failure type="java.lang.AssertionError" message="expected [true] but found [false]">
      <![CDATA[java.lang.AssertionError: expected [true] but found [false]
at listener.TestNGListenersDemo.Test2(TestNGListenersDemo.java:51)
at java.util.ArrayList.forEach(Unknown Source)
... Removed 31 stack frames]]>
    </failure>
  </testcase> <!-- Test2 -->
  <testcase name="Test3" time="0.006" classname="listener.TestNGListenersDemo">
    <skipped/>
  </testcase> <!-- Test3 -->
  <testcase name="Test4" time="0.003" classname="listener.TestNGListenersDemo2"/>
  <testcase name="Test5" time="0.005" classname="listener.TestNGListenersDemo2">
    <failure type="java.lang.AssertionError" message="expected [true] but found [false]">
      <![CDATA[java.lang.AssertionError: expected [true] but found [false]
at listener.TestNGListenersDemo2.Test5(TestNGListenersDemo2.java:36)
at java.util.ArrayList.forEach(Unknown Source)
... Removed 31 stack frames]]>
    </failure>
  </testcase> <!-- Test5 -->
  <testcase name="Test6" time="0.005" classname="listener.TestNGListenersDemo2">
    <skipped/>
  </testcase> <!-- Test6 -->
</testsuite> <!-- Test -->
